<?xml version="1.0" encoding="UTF-8"?>
<testsuite xmlns:xsi="http://www.w3.org/2001/XMLSchema-instance" xsi:noNamespaceSchemaLocation="https://maven.apache.org/surefire/maven-surefire-plugin/xsd/surefire-test-report.xsd" version="3.0.2" name="com.example.demo.DemoApplicationTests" time="86.11" tests="1" errors="0" skipped="0" failures="0">
  <properties>
[...]
</properties>
  <testcase name="contextLoads" classname="com.example.demo.DemoApplicationTests" time="21.141">
    <system-out><![CDATA[16:33:50.706 [main] INFO org.springframework.test.context.support.AnnotationConfigContextLoaderUtils -- Could not detect default configuration classes for test class [com.example.demo.DemoApplicationTests]: DemoApplicationTests does not declare any static, non-private, non-final, nested classes annotated with @Configuration.
16:33:51.464 [main] INFO org.springframework.boot.test.context.SpringBootTestContextBootstrapper -- Found @SpringBootConfiguration com.example.demo.DemoApplication for test class com.example.demo.DemoApplicationTests

  .   ____          _            __ _ _
 /\\ / ___'_ __ _ _(_)_ __  __ _ \ \ \ \
( ( )\___ | '_ | '_| | '_ \/ _` | \ \ \ \
 \\/  ___)| |_)| | | | | || (_| |  ) ) ) )
  '  |____| .__|_| |_|_| |_\__, | / / / /
 =========|_|==============|___/=/_/_/_/

 :: Spring Boot ::                (v3.4.4)

2026-04-22T16:33:52.776-05:00  INFO 401759 --- [           main] com.example.demo.DemoApplicationTests    : Starting DemoApplicationTests using Java 17.0.18 with PID 401759 (started by srmakia in /home/srmakia/kitchen-manager-back)
2026-04-22T16:33:52.779-05:00 DEBUG 401759 --- [           main] com.example.demo.DemoApplicationTests    : Running with Spring Boot v3.4.4, Spring v6.2.5
2026-04-22T16:33:52.780-05:00  INFO 401759 --- [           main] com.example.demo.DemoApplicationTests    : No active profile set, falling back to 1 default profile: "default"
2026-04-22T16:34:18.443-05:00  INFO 401759 --- [           main] .s.d.r.c.RepositoryConfigurationDelegate : Bootstrapping Spring Data MongoDB repositories in DEFAULT mode.
2026-04-22T16:34:18.839-05:00  INFO 401759 --- [           main] .s.d.r.c.RepositoryConfigurationDelegate : Finished Spring Data repository scanning in 95 ms. Found 5 MongoDB repository interfaces.
2026-04-22T16:34:30.578-05:00  INFO 401759 --- [           main] org.mongodb.driver.client                : MongoClient with metadata {"application": {"name": "Cluster0"}, "driver": {"name": "mongo-java-driver|sync|spring-boot", "version": "5.2.1"}, "os": {"type": "Linux", "name": "Linux", "architecture": "amd64", "version": "6.19.6-arch1-1"}, "platform": "Java/Arch Linux/17.0.18+8"} created with settings MongoClientSettings{readPreference=primary, writeConcern=WriteConcern{w=null, wTimeout=null ms, journal=null}, retryWrites=true, retryReads=true, readConcern=ReadConcern{level=null}, credential=MongoCredential{mechanism=null, userName='barriossaltarinj_db_user', source='admin', password=<hidden>, mechanismProperties=<hidden>}, transportSettings=null, commandListeners=[io.micrometer.core.instrument.binder.mongodb.MongoMetricsCommandListener@284bdeed], codecRegistry=ProvidersCodecRegistry{codecProviders=[ValueCodecProvider{}, BsonValueCodecProvider{}, DBRefCodecProvider{}, DBObjectCodecProvider{}, DocumentCodecProvider{}, CollectionCodecProvider{}, IterableCodecProvider{}, MapCodecProvider{}, GeoJsonCodecProvider{}, GridFSFileCodecProvider{}, Jsr310CodecProvider{}, JsonObjectCodecProvider{}, BsonCodecProvider{}, EnumCodecProvider{}, com.mongodb.client.model.mql.ExpressionCodecProvider@58b311ba, com.mongodb.Jep395RecordCodecProvider@482c351d, com.mongodb.KotlinCodecProvider@75eaba95]}, loggerSettings=LoggerSettings{maxDocumentLength=1000}, clusterSettings={hosts=[127.0.0.1:27017], srvHost=cluster0.uteazdc.mongodb.net, srvServiceName=mongodb, mode=MULTIPLE, requiredClusterType=REPLICA_SET, requiredReplicaSetName='atlas-q8rk5m-shard-0', serverSelector='null', clusterListeners='[]', serverSelectionTimeout='30000 ms', localThreshold='15 ms'}, socketSettings=SocketSettings{connectTimeoutMS=10000, readTimeoutMS=0, receiveBufferSize=0, proxySettings=ProxySettings{host=null, port=null, username=null, password=null}}, heartbeatSocketSettings=SocketSettings{connectTimeoutMS=10000, readTimeoutMS=10000, receiveBufferSize=0, proxySettings=ProxySettings{host=null, port=null, username=null, password=null}}, connectionPoolSettings=ConnectionPoolSettings{maxSize=100, minSize=0, maxWaitTimeMS=120000, maxConnectionLifeTimeMS=0, maxConnectionIdleTimeMS=0, maintenanceInitialDelayMS=0, maintenanceFrequencyMS=60000, connectionPoolListeners=[io.micrometer.core.instrument.binder.mongodb.MongoMetricsConnectionPoolListener@320be73], maxConnecting=2}, serverSettings=ServerSettings{heartbeatFrequencyMS=10000, minHeartbeatFrequencyMS=500, serverMonitoringMode=AUTO, serverListeners='[]', serverMonitorListeners='[]'}, sslSettings=SslSettings{enabled=true, invalidHostNameAllowed=false, context=null}, applicationName='Cluster0', compressorList=[], uuidRepresentation=JAVA_LEGACY, serverApi=null, autoEncryptionSettings=null, dnsClient=null, inetAddressResolver=null, contextProvider=null, timeoutMS=null}
2026-04-22T16:34:31.322-05:00  INFO 401759 --- [zdc.mongodb.net] org.mongodb.driver.cluster               : Adding discovered server ac-kzrrihj-shard-00-02.uteazdc.mongodb.net:27017 to client view of cluster
2026-04-22T16:34:31.806-05:00  INFO 401759 --- [zdc.mongodb.net] org.mongodb.driver.cluster               : Adding discovered server ac-kzrrihj-shard-00-01.uteazdc.mongodb.net:27017 to client view of cluster
2026-04-22T16:34:31.811-05:00  INFO 401759 --- [zdc.mongodb.net] org.mongodb.driver.cluster               : Adding discovered server ac-kzrrihj-shard-00-00.uteazdc.mongodb.net:27017 to client view of cluster
2026-04-22T16:34:35.114-05:00  INFO 401759 --- [ngodb.net:27017] org.mongodb.driver.cluster               : Monitor thread successfully connected to server with description ServerDescription{address=ac-kzrrihj-shard-00-02.uteazdc.mongodb.net:27017, type=REPLICA_SET_SECONDARY, cryptd=false, state=CONNECTED, ok=true, minWireVersion=0, maxWireVersion=25, maxDocumentSize=16777216, logicalSessionTimeoutMinutes=30, roundTripTimeNanos=1281227535, minRoundTripTimeNanos=0, setName='atlas-q8rk5m-shard-0', canonicalAddress=ac-kzrrihj-shard-00-02.uteazdc.mongodb.net:27017, hosts=[ac-kzrrihj-shard-00-02.uteazdc.mongodb.net:27017, ac-kzrrihj-shard-00-00.uteazdc.mongodb.net:27017, ac-kzrrihj-shard-00-01.uteazdc.mongodb.net:27017], passives=[], arbiters=[], primary='ac-kzrrihj-shard-00-01.uteazdc.mongodb.net:27017', tagSet=TagSet{[Tag{name='availabilityZone', value='use1-az2'}, Tag{name='cacheState', value='READY'}, Tag{name='diskState', value='READY'}, Tag{name='nodeType', value='ELECTABLE'}, Tag{name='provider', value='AWS'}, Tag{name='region', value='US_EAST_1'}, Tag{name='workloadType', value='OPERATIONAL'}]}, electionId=null, setVersion=123, topologyVersion=TopologyVersion{processId=69e132cf29a2ebb2de94a06b, counter=3}, lastWriteDate=Wed Apr 22 16:34:34 COT 2026, lastUpdateTimeNanos=94826489399209}
2026-04-22T16:34:35.117-05:00  INFO 401759 --- [ngodb.net:27017] org.mongodb.driver.cluster               : Monitor thread successfully connected to server with description ServerDescription{address=ac-kzrrihj-shard-00-01.uteazdc.mongodb.net:27017, type=REPLICA_SET_PRIMARY, cryptd=false, state=CONNECTED, ok=true, minWireVersion=0, maxWireVersion=25, maxDocumentSize=16777216, logicalSessionTimeoutMinutes=30, roundTripTimeNanos=1358912507, minRoundTripTimeNanos=0, setName='atlas-q8rk5m-shard-0', canonicalAddress=ac-kzrrihj-shard-00-01.uteazdc.mongodb.net:27017, hosts=[ac-kzrrihj-shard-00-02.uteazdc.mongodb.net:27017, ac-kzrrihj-shard-00-00.uteazdc.mongodb.net:27017, ac-kzrrihj-shard-00-01.uteazdc.mongodb.net:27017], passives=[], arbiters=[], primary='ac-kzrrihj-shard-00-01.uteazdc.mongodb.net:27017', tagSet=TagSet{[Tag{name='availabilityZone', value='use1-az1'}, Tag{name='cacheState', value='READY'}, Tag{name='diskState', value='READY'}, Tag{name='nodeType', value='ELECTABLE'}, Tag{name='provider', value='AWS'}, Tag{name='region', value='US_EAST_1'}, Tag{name='workloadType', value='OPERATIONAL'}]}, electionId=7fffffff0000000000000267, setVersion=123, topologyVersion=TopologyVersion{processId=69e1326dbd20bb872a5d55e2, counter=6}, lastWriteDate=Wed Apr 22 16:34:34 COT 2026, lastUpdateTimeNanos=94826497804304}
2026-04-22T16:34:35.118-05:00  INFO 401759 --- [ngodb.net:27017] org.mongodb.driver.cluster               : Monitor thread successfully connected to server with description ServerDescription{address=ac-kzrrihj-shard-00-00.uteazdc.mongodb.net:27017, type=REPLICA_SET_SECONDARY, cryptd=false, state=CONNECTED, ok=true, minWireVersion=0, maxWireVersion=25, maxDocumentSize=16777216, logicalSessionTimeoutMinutes=30, roundTripTimeNanos=1353203581, minRoundTripTimeNanos=0, setName='atlas-q8rk5m-shard-0', canonicalAddress=ac-kzrrihj-shard-00-00.uteazdc.mongodb.net:27017, hosts=[ac-kzrrihj-shard-00-02.uteazdc.mongodb.net:27017, ac-kzrrihj-shard-00-00.uteazdc.mongodb.net:27017, ac-kzrrihj-shard-00-01.uteazdc.mongodb.net:27017], passives=[], arbiters=[], primary='ac-kzrrihj-shard-00-01.uteazdc.mongodb.net:27017', tagSet=TagSet{[Tag{name='availabilityZone', value='use1-az6'}, Tag{name='cacheState', value='READY'}, Tag{name='diskState', value='READY'}, Tag{name='nodeType', value='ELECTABLE'}, Tag{name='provider', value='AWS'}, Tag{name='region', value='US_EAST_1'}, Tag{name='workloadType', value='OPERATIONAL'}]}, electionId=null, setVersion=123, topologyVersion=TopologyVersion{processId=69e1320b58e58ab2a952aa35, counter=4}, lastWriteDate=Wed Apr 22 16:34:34 COT 2026, lastUpdateTimeNanos=94826490945077}
2026-04-22T16:34:35.127-05:00  INFO 401759 --- [ngodb.net:27017] org.mongodb.driver.cluster               : Discovered replica set primary ac-kzrrihj-shard-00-01.uteazdc.mongodb.net:27017 with max election id 7fffffff0000000000000267 and max set version 123
2026-04-22T16:34:36.891-05:00 TRACE 401759 --- [           main] eGlobalAuthenticationAutowiredConfigurer : Eagerly initializing {securityConfig=com.example.demo.security.SecurityConfig$$SpringCGLIB$$0@17884d}
2026-04-22T16:34:37.996-05:00  INFO 401759 --- [           main] eAuthenticationProviderManagerConfigurer : Global AuthenticationManager configured with AuthenticationProvider bean with name authenticationProvider
2026-04-22T16:34:37.997-05:00  WARN 401759 --- [           main] r$InitializeUserDetailsManagerConfigurer : Global AuthenticationManager configured with an AuthenticationProvider bean. UserDetailsService beans will not be used by Spring Security for automatically configuring username/password login. Consider removing the AuthenticationProvider bean. Alternatively, consider using the UserDetailsService in a manually instantiated DaoAuthenticationProvider. If the current configuration is intentional, to turn off this warning, increase the logging level of 'org.springframework.security.config.annotation.authentication.configuration.InitializeUserDetailsBeanManagerConfigurer' to ERROR
2026-04-22T16:34:44.946-05:00  INFO 401759 --- [           main] o.s.b.a.e.web.EndpointLinksResolver      : Exposing 1 endpoint beneath base path '/actuator'
2026-04-22T16:34:45.734-05:00 DEBUG 401759 --- [           main] o.s.s.web.DefaultSecurityFilterChain     : Will secure any request with filters: DisableEncodeUrlFilter, WebAsyncManagerIntegrationFilter, SecurityContextHolderFilter, HeaderWriterFilter, CorsFilter, LogoutFilter, JwtAuthenticationFilter, RequestCacheAwareFilter, SecurityContextHolderAwareRequestFilter, AnonymousAuthenticationFilter, SessionManagementFilter, ExceptionTranslationFilter, AuthorizationFilter
2026-04-22T16:34:50.299-05:00  INFO 401759 --- [           main] com.example.demo.DemoApplicationTests    : Started DemoApplicationTests in 58.204 seconds (process running for 65.626)
2026-04-22T16:34:50.650-05:00 DEBUG 401759 --- [           main] o.s.data.mongodb.core.MongoTemplate      : find using query: { "username" : "admin"} fields: Document{{}} sort: null for class: class com.example.demo.model.Usuarios in collection: usuarios
2026-04-22T16:34:52.349-05:00 DEBUG 401759 --- [           main] o.s.data.mongodb.core.MongoTemplate      : find using query: { "username" : "empleado"} fields: Document{{}} sort: null for class: class com.example.demo.model.Usuarios in collection: usuarios
]]></system-out>
  </testcase>
</testsuite>